

Processing StoriesController#show (for 10.0.0.27 at 2006-04-30 18:47:54) [GET]
  Session ID: 06822cfd2436c58434b1f9416c047fff
  Parameters: {"action"=>"show", "controller"=>"stories"}
  [4;35;1mStory Columns (0.001882)[0m   [0mSHOW FIELDS FROM stories[0m
  [4;36;1mStory Load (0.000231)[0m   [0;1mSELECT * FROM stories WHERE (stories.`title` = 'oops' ) LIMIT 1[0m
{"action"=>"show", "id"=>8, "controller"=>"stories"}
  [4;35;1mStory Load (0.000946)[0m   [0mSELECT * FROM stories WHERE (stories.id = 8) LIMIT 1[0m
  [4;36;1mUniverse Load (0.000220)[0m   [0;1mSELECT * FROM universes WHERE (universes.id = 3) LIMIT 1[0m
  [4;35;1mUniverse Columns (0.001428)[0m   [0mSHOW FIELDS FROM universes[0m
Cookie set: login_redirect_to=http%3A%2F%2Foops.pele.cx%3A3000%2F; path=/
  [4;36;1mStory Load (0.000226)[0m   [0;1mSELECT * FROM stories WHERE (stories.`short_title` = 'oops' ) LIMIT 1[0m
  [4;35;1mStory Load (0.000234)[0m   [0mSELECT * FROM stories WHERE (stories.id = 8) LIMIT 1[0m
Rendering layoutfalseactionshow within layouts/stories
Rendering stories/show
  [4;36;1mStory Load (0.000252)[0m   [0;1mSELECT * FROM stories WHERE (stories.id = 8) LIMIT 1[0m
Rendered stories/_story (0.00295)
authinfo {}
  [4;35;1mUser Load (0.001676)[0m   [0mSELECT users.* FROM users INNER JOIN credits ON users.user_id = credits.user_id WHERE (credits.story_id = 8) [0m
  [4;36;1mUser Columns (0.005442)[0m   [0;1mSHOW FIELDS FROM users[0m
  [4;35;1mCredit Columns (0.002287)[0m   [0mSHOW FIELDS FROM credits[0m
  [4;36;1mCredit Load (0.000432)[0m   [0;1mSELECT * FROM credits WHERE (credits.`user_id` = 3 AND credits.`story_id` = 8 ) LIMIT 1[0m
  [4;35;1mCredit Load (0.000254)[0m   [0mSELECT * FROM credits WHERE (credits.`user_id` = 4 AND credits.`story_id` = 8 ) LIMIT 1[0m
  [4;36;1mCredit Load (0.000205)[0m   [0;1mSELECT * FROM credits WHERE (credits.`user_id` = 17 AND credits.`story_id` = 8 ) LIMIT 1[0m


ActionView::TemplateError (Couldn't find User without an ID) on line #5 of app/views/stories/show.rhtml:
2: 
3: <% logger.debug "authinfo #{@authinfo.inspect}" %>
4: 
5: <%= link_to 'Edit Story', :action => 'edit', :id => @story if @story.authors.include? User.find(@authinfo[:user_id])%> |
6: <%= link_to 'Story List', index_url(:host => 'playground.'.concat(request.domain()).concat(request.port_string)) %> |
7: <%= link_to 'Add Chapter', :controller => 'chapters', :action => 'new',
8: :story_id => @story.id %>

    /usr/lib/ruby/gems/1.8/gems/activerecord-1.14.2/lib/active_record/base.rb:939:in `find_from_ids'
    /usr/lib/ruby/gems/1.8/gems/activerecord-1.14.2/lib/active_record/base.rb:382:in `find'
    #{RAILS_ROOT}/app/views/stories/show.rhtml:5:in `_run_rhtml_stories_show'
    /usr/lib/ruby/gems/1.8/gems/actionpack-1.12.1/lib/action_view/base.rb:314:in `compile_and_render_template'
    /usr/lib/ruby/gems/1.8/gems/actionpack-1.12.1/lib/action_view/base.rb:290:in `render_template'
    /usr/lib/ruby/gems/1.8/gems/actionpack-1.12.1/lib/action_view/base.rb:249:in `render_file'
    /usr/lib/ruby/gems/1.8/gems/actionpack-1.12.1/lib/action_controller/base.rb:699:in `render_file'
    /usr/lib/ruby/gems/1.8/gems/actionpack-1.12.1/lib/action_controller/base.rb:621:in `render_with_no_layout'
    /usr/lib/ruby/gems/1.8/gems/actionpack-1.12.1/lib/action_controller/base.rb:742:in `render_without_layout'
    /usr/lib/ruby/gems/1.8/gems/actionpack-1.12.1/lib/action_controller/base.rb:691:in `render_action'
    /usr/lib/ruby/gems/1.8/gems/actionpack-1.12.1/lib/action_controller/base.rb:643:in `render_with_no_layout'
    /usr/lib/ruby/gems/1.8/gems/actionpack-1.12.1/lib/action_controller/layout.rb:240:in `render_without_benchmark'
    /usr/lib/ruby/gems/1.8/gems/actionpack-1.12.1/lib/action_controller/benchmarking.rb:53:in `render'
    /usr/lib/ruby/1.8/benchmark.rb:293:in `measure'
    /usr/lib/ruby/gems/1.8/gems/actionpack-1.12.1/lib/action_controller/benchmarking.rb:53:in `render'
    #{RAILS_ROOT}/app/controllers/stories_controller.rb:26:in `show'
    /usr/lib/ruby/gems/1.8/gems/actionpack-1.12.1/lib/action_controller/base.rb:910:in `perform_action_without_filters'
    /usr/lib/ruby/gems/1.8/gems/actionpack-1.12.1/lib/action_controller/filters.rb:368:in `perform_action_without_benchmark'
    /usr/lib/ruby/gems/1.8/gems/actionpack-1.12.1/lib/action_controller/benchmarking.rb:69:in `perform_action_without_rescue'
    /usr/lib/ruby/1.8/benchmark.rb:293:in `measure'
    /usr/lib/ruby/gems/1.8/gems/actionpack-1.12.1/lib/action_controller/benchmarking.rb:69:in `perform_action_without_rescue'
    /usr/lib/ruby/gems/1.8/gems/actionpack-1.12.1/lib/action_controller/rescue.rb:82:in `perform_action'
    /usr/lib/ruby/gems/1.8/gems/actionpack-1.12.1/lib/action_controller/base.rb:381:in `process_without_filters'
    /usr/lib/ruby/gems/1.8/gems/actionpack-1.12.1/lib/action_controller/filters.rb:377:in `process_without_session_management_support'
    /usr/lib/ruby/gems/1.8/gems/actionpack-1.12.1/lib/action_controller/session_management.rb:117:in `process'
    /usr/lib/ruby/gems/1.8/gems/rails-1.1.2/lib/dispatcher.rb:38:in `dispatch'
    /usr/lib/ruby/gems/1.8/gems/rails-1.1.2/lib/webrick_server.rb:115:in `handle_dispatch'
    /usr/lib/ruby/gems/1.8/gems/rails-1.1.2/lib/webrick_server.rb:81:in `service'
    /usr/lib/ruby/1.8/webrick/httpserver.rb:104:in `service'
    /usr/lib/ruby/1.8/webrick/httpserver.rb:65:in `run'
    /usr/lib/ruby/1.8/webrick/server.rb:173:in `start_thread'
    /usr/lib/ruby/1.8/webrick/server.rb:162:in `start_thread'
    /usr/lib/ruby/1.8/webrick/server.rb:95:in `start'
    /usr/lib/ruby/1.8/webrick/server.rb:92:in `start'
    /usr/lib/ruby/1.8/webrick/server.rb:23:in `start'
    /usr/lib/ruby/1.8/webrick/server.rb:82:in `start'
    /usr/lib/ruby/gems/1.8/gems/rails-1.1.2/lib/webrick_server.rb:67:in `dispatch'
    /usr/lib/ruby/gems/1.8/gems/rails-1.1.2/lib/commands/servers/webrick.rb:59
    /usr/local/lib/site_ruby/1.8/rubygems/custom_require.rb:21:in `require'
    /usr/lib/ruby/gems/1.8/gems/activesupport-1.3.1/lib/active_support/dependencies.rb:147:in `require'
    /usr/lib/ruby/gems/1.8/gems/rails-1.1.2/lib/commands/server.rb:30
    /usr/local/lib/site_ruby/1.8/rubygems/custom_require.rb:21:in `require'
    /usr/lib/ruby/gems/1.8/gems/activesupport-1.3.1/lib/active_support/dependencies.rb:147:in `require'
    script/server:3


Rendering /usr/lib/ruby/gems/1.8/gems/actionpack-1.12.1/lib/action_controller/templates/rescues/layout.rhtml (500 Internal Error)


Processing StoriesController#show (for 10.0.0.27 at 2006-04-30 18:48:28) [GET]
  Session ID: 06822cfd2436c58434b1f9416c047fff
  Parameters: {"action"=>"show", "controller"=>"stories"}
  [4;35;1mStory Columns (0.001609)[0m   [0mSHOW FIELDS FROM stories[0m
  [4;36;1mStory Load (0.000221)[0m   [0;1mSELECT * FROM stories WHERE (stories.`title` = 'oops' ) LIMIT 1[0m
{"action"=>"show", "id"=>8, "controller"=>"stories"}
  [4;35;1mStory Load (0.000230)[0m   [0mSELECT * FROM stories WHERE (stories.id = 8) LIMIT 1[0m
  [4;36;1mUniverse Load (0.000221)[0m   [0;1mSELECT * FROM universes WHERE (universes.id = 3) LIMIT 1[0m
  [4;35;1mUniverse Columns (0.001258)[0m   [0mSHOW FIELDS FROM universes[0m
Cookie set: login_redirect_to=http%3A%2F%2Foops.pele.cx%3A3000%2F; path=/
  [4;36;1mStory Load (0.000231)[0m   [0;1mSELECT * FROM stories WHERE (stories.`short_title` = 'oops' ) LIMIT 1[0m
  [4;35;1mStory Load (0.000237)[0m   [0mSELECT * FROM stories WHERE (stories.id = 8) LIMIT 1[0m
Rendering layoutfalseactionshow within layouts/stories
Rendering stories/show
  [4;36;1mStory Load (0.000253)[0m   [0;1mSELECT * FROM stories WHERE (stories.id = 8) LIMIT 1[0m
Rendered stories/_story (0.00290)
authinfo {}
  [4;35;1mStory Count (0.000211)[0m   [0mselect sum(words) from chapters where story_id = 8[0m
  [4;36;1mChapter Load (0.000260)[0m   [0;1mSELECT chapters.id, number, story_id, date, words, file FROM chapters WHERE (story_id = 8) ORDER BY number asc [0m
  [4;35;1mChapter Columns (0.001470)[0m   [0mSHOW FIELDS FROM chapters[0m
Rendered stories/_chapter (0.00564)
Rendered stories/_chapter (0.00167)
Rendered stories/_chapter (0.00177)
Rendered stories/_chapter (0.00164)
Rendered stories/_chapter (0.00166)
Rendered stories/_chapter (0.00165)
Rendered stories/_chapter (0.00169)
Rendered stories/_chapter (0.00173)
Rendered stories/_chapter (0.00174)
Rendered stories/_chapter (0.00163)
Rendered stories/_chapter (0.00267)
Rendered stories/_chapter (0.00164)
Start rendering component ({:action=>"has_session", :controller=>"php_session"}): 
PhpSessionController: missing default helper path php_session_helper


Processing PhpSessionController#has_session (for 10.0.0.27 at 2006-04-30 18:48:28) [GET]
  Session ID: 06822cfd2436c58434b1f9416c047fff
  Parameters: {"action"=>"has_session", "id"=>nil, "controller"=>"php_session"}
Cookie set: login_redirect_to=http%3A%2F%2Foops.pele.cx%3A3000%2F; path=/
  [4;36;1mStory Load (0.000247)[0m   [0;1mSELECT * FROM stories WHERE (stories.`short_title` = 'oops' ) LIMIT 1[0m
Rendering php_session/has_session
Rendered php_session/_login (0.00013)
Completed in 0.00455 (219 reqs/sec) | Rendering: 0.00133 (29%) | DB: 0.00244 (53%) | 200 OK [http://oops.pele.cx/]


End of component rendering
Completed in 0.12252 (8 reqs/sec) | Rendering: 0.10020 (81%) | DB: 0.01455 (11%) | 200 OK [http://oops.pele.cx/]


Processing StoriesController#show (for 10.0.0.27 at 2006-04-30 18:50:22) [GET]
  Session ID: 06822cfd2436c58434b1f9416c047fff
  Parameters: {"action"=>"show", "controller"=>"stories"}
  [4;35;1mStory Columns (0.001624)[0m   [0mSHOW FIELDS FROM stories[0m
  [4;36;1mStory Load (0.000234)[0m   [0;1mSELECT * FROM stories WHERE (stories.`title` = 'oops' ) LIMIT 1[0m
{"action"=>"show", "id"=>8, "controller"=>"stories"}
  [4;35;1mStory Load (0.000230)[0m   [0mSELECT * FROM stories WHERE (stories.id = 8) LIMIT 1[0m
  [4;36;1mUniverse Load (0.000218)[0m   [0;1mSELECT * FROM universes WHERE (universes.id = 3) LIMIT 1[0m
  [4;35;1mUniverse Columns (0.001287)[0m   [0mSHOW FIELDS FROM universes[0m
Cookie set: login_redirect_to=http%3A%2F%2Foops.pele.cx%3A3000%2F; path=/
  [4;36;1mStory Load (0.000225)[0m   [0;1mSELECT * FROM stories WHERE (stories.`short_title` = 'oops' ) LIMIT 1[0m
  [4;35;1mStory Load (0.000240)[0m   [0mSELECT * FROM stories WHERE (stories.id = 8) LIMIT 1[0m
Rendering layoutfalseactionshow within layouts/stories
Rendering stories/show
  [4;36;1mStory Load (0.000236)[0m   [0;1mSELECT * FROM stories WHERE (stories.id = 8) LIMIT 1[0m
Rendered stories/_story (0.00307)
authinfo {}
  [4;35;1mStory Count (0.000212)[0m   [0mselect sum(words) from chapters where story_id = 8[0m
  [4;36;1mChapter Load (0.000247)[0m   [0;1mSELECT chapters.id, number, story_id, date, words, file FROM chapters WHERE (story_id = 8) ORDER BY number asc [0m
  [4;35;1mChapter Columns (0.001438)[0m   [0mSHOW FIELDS FROM chapters[0m
Rendered stories/_chapter (0.00571)
Rendered stories/_chapter (0.00167)
Rendered stories/_chapter (0.00165)
Rendered stories/_chapter (0.00165)
Rendered stories/_chapter (0.00165)
Rendered stories/_chapter (0.00168)
Rendered stories/_chapter (0.00169)
Rendered stories/_chapter (0.00166)
Rendered stories/_chapter (0.00176)
Rendered stories/_chapter (0.00163)
Rendered stories/_chapter (0.00239)
Rendered stories/_chapter (0.00186)
Start rendering component ({:action=>"has_session", :controller=>"php_session"}): 
PhpSessionController: missing default helper path php_session_helper


Processing PhpSessionController#has_session (for 10.0.0.27 at 2006-04-30 18:50:22) [GET]
  Session ID: 06822cfd2436c58434b1f9416c047fff
  Parameters: {"action"=>"has_session", "id"=>nil, "controller"=>"php_session"}
Cookie set: login_redirect_to=http%3A%2F%2Foops.pele.cx%3A3000%2F; path=/
  [4;36;1mStory Load (0.000236)[0m   [0;1mSELECT * FROM stories WHERE (stories.`short_title` = 'oops' ) LIMIT 1[0m
Rendering php_session/has_session
Rendered php_session/_login (0.00014)
Completed in 0.00441 (226 reqs/sec) | Rendering: 0.00140 (31%) | DB: 0.00237 (53%) | 200 OK [http://oops.pele.cx/]


End of component rendering
Completed in 0.07683 (13 reqs/sec) | Rendering: 0.05408 (70%) | DB: 0.00406 (5%) | 200 OK [http://oops.pele.cx/]


Processing StoriesController#show (for 10.0.0.27 at 2006-04-30 18:51:57) [GET]
  Session ID: 06822cfd2436c58434b1f9416c047fff
  Parameters: {"action"=>"show", "controller"=>"stories"}
  [4;35;1mStory Columns (0.001658)[0m   [0mSHOW FIELDS FROM stories[0m
  [4;36;1mStory Load (0.000228)[0m   [0;1mSELECT * FROM stories WHERE (stories.`title` = 'oops' ) LIMIT 1[0m
{"action"=>"show", "id"=>8, "controller"=>"stories"}
  [4;35;1mStory Load (0.000228)[0m   [0mSELECT * FROM stories WHERE (stories.id = 8) LIMIT 1[0m
  [4;36;1mUniverse Load (0.000223)[0m   [0;1mSELECT * FROM universes WHERE (universes.id = 3) LIMIT 1[0m
  [4;35;1mUniverse Columns (0.001297)[0m   [0mSHOW FIELDS FROM universes[0m
Cookie set: login_redirect_to=http%3A%2F%2Foops.pele.cx%3A3000%2F; path=/
  [4;36;1mStory Load (0.000227)[0m   [0;1mSELECT * FROM stories WHERE (stories.`short_title` = 'oops' ) LIMIT 1[0m
  [4;35;1mStory Load (0.000237)[0m   [0mSELECT * FROM stories WHERE (stories.id = 8) LIMIT 1[0m
Rendering layoutfalseactionshow within layouts/stories
Rendering stories/show
  [4;36;1mStory Load (0.000242)[0m   [0;1mSELECT * FROM stories WHERE (stories.id = 8) LIMIT 1[0m
Rendered stories/_story (0.00294)
authinfo {}
  [4;35;1mStory Count (0.000211)[0m   [0mselect sum(words) from chapters where story_id = 8[0m
  [4;36;1mChapter Load (0.000251)[0m   [0;1mSELECT chapters.id, number, story_id, date, words, file FROM chapters WHERE (story_id = 8) ORDER BY number asc [0m
  [4;35;1mChapter Columns (0.001403)[0m   [0mSHOW FIELDS FROM chapters[0m
Rendered stories/_chapter (0.00558)
Rendered stories/_chapter (0.00168)
Rendered stories/_chapter (0.00165)
Rendered stories/_chapter (0.00163)
Rendered stories/_chapter (0.00234)
Rendered stories/_chapter (0.00161)
Rendered stories/_chapter (0.00164)
Rendered stories/_chapter (0.00163)
Rendered stories/_chapter (0.00162)
Rendered stories/_chapter (0.00162)
Rendered stories/_chapter (0.00175)
Rendered stories/_chapter (0.00164)
Start rendering component ({:action=>"has_session", :controller=>"php_session"}): 
PhpSessionController: missing default helper path php_session_helper


Processing PhpSessionController#has_session (for 10.0.0.27 at 2006-04-30 18:51:57) [GET]
  Session ID: 06822cfd2436c58434b1f9416c047fff
  Parameters: {"action"=>"has_session", "id"=>nil, "controller"=>"php_session"}
Cookie set: login_redirect_to=http%3A%2F%2Foops.pele.cx%3A3000%2F; path=/
  [4;36;1mStory Load (0.000543)[0m   [0;1mSELECT * FROM stories WHERE (stories.`short_title` = 'oops' ) LIMIT 1[0m
Rendering php_session/has_session
Rendered php_session/_login (0.00013)
Completed in 0.00447 (223 reqs/sec) | Rendering: 0.00130 (29%) | DB: 0.00265 (59%) | 200 OK [http://oops.pele.cx/]


End of component rendering
Completed in 0.07226 (13 reqs/sec) | Rendering: 0.05118 (70%) | DB: 0.00410 (5%) | 200 OK [http://oops.pele.cx/]


Processing StoriesController#show (for 10.0.0.27 at 2006-04-30 18:53:38) [GET]
  Session ID: 06822cfd2436c58434b1f9416c047fff
  Parameters: {"action"=>"show", "controller"=>"stories"}
  [4;35;1mStory Columns (0.001647)[0m   [0mSHOW FIELDS FROM stories[0m
  [4;36;1mStory Load (0.000228)[0m   [0;1mSELECT * FROM stories WHERE (stories.`title` = 'oops' ) LIMIT 1[0m
{"action"=>"show", "id"=>8, "controller"=>"stories"}
  [4;35;1mStory Load (0.000273)[0m   [0mSELECT * FROM stories WHERE (stories.id = 8) LIMIT 1[0m
  [4;36;1mUniverse Load (0.000220)[0m   [0;1mSELECT * FROM universes WHERE (universes.id = 3) LIMIT 1[0m
  [4;35;1mUniverse Columns (0.001292)[0m   [0mSHOW FIELDS FROM universes[0m
Cookie set: login_redirect_to=http%3A%2F%2Foops.pele.cx%3A3000%2F; path=/
  [4;36;1mStory Load (0.000228)[0m   [0;1mSELECT * FROM stories WHERE (stories.`short_title` = 'oops' ) LIMIT 1[0m
  [4;35;1mStory Load (0.000229)[0m   [0mSELECT * FROM stories WHERE (stories.id = 8) LIMIT 1[0m
Rendering layoutfalseactionshow within layouts/stories
Rendering stories/show
  [4;36;1mStory Load (0.000238)[0m   [0;1mSELECT * FROM stories WHERE (stories.id = 8) LIMIT 1[0m
Rendered stories/_story (0.00290)
authinfo {}
  [4;35;1mStory Count (0.000211)[0m   [0mselect sum(words) from chapters where story_id = 8[0m
  [4;36;1mChapter Load (0.000262)[0m   [0;1mSELECT chapters.id, number, story_id, date, words, file FROM chapters WHERE (story_id = 8) ORDER BY number asc [0m
  [4;35;1mChapter Columns (0.001432)[0m   [0mSHOW FIELDS FROM chapters[0m
Rendered stories/_chapter (0.00656)
Rendered stories/_chapter (0.00146)
Rendered stories/_chapter (0.00152)
Rendered stories/_chapter (0.00157)
Rendered stories/_chapter (0.00147)
Rendered stories/_chapter (0.00148)
Rendered stories/_chapter (0.00151)
Rendered stories/_chapter (0.00148)
Rendered stories/_chapter (0.00152)
Rendered stories/_chapter (0.00146)
Rendered stories/_chapter (0.00156)
Rendered stories/_chapter (0.00152)
Start rendering component ({:action=>"has_session", :controller=>"php_session"}): 
PhpSessionController: missing default helper path php_session_helper


Processing PhpSessionController#has_session (for 10.0.0.27 at 2006-04-30 18:53:38) [GET]
  Session ID: 06822cfd2436c58434b1f9416c047fff
  Parameters: {"action"=>"has_session", "id"=>nil, "controller"=>"php_session"}
Cookie set: login_redirect_to=http%3A%2F%2Foops.pele.cx%3A3000%2F; path=/
  [4;36;1mStory Load (0.000264)[0m   [0;1mSELECT * FROM stories WHERE (stories.`short_title` = 'oops' ) LIMIT 1[0m
Rendering php_session/has_session
Rendered php_session/_login (0.00014)
Completed in 0.00474 (210 reqs/sec) | Rendering: 0.00146 (30%) | DB: 0.00241 (50%) | 200 OK [http://oops.pele.cx/]


End of component rendering
Completed in 0.17086 (5 reqs/sec) | Rendering: 0.14948 (87%) | DB: 0.00412 (2%) | 200 OK [http://oops.pele.cx/]


Processing UniversesController#show (for 10.0.0.27 at 2006-04-30 19:14:48) [GET]
  Session ID: 06822cfd2436c58434b1f9416c047fff
  Parameters: {"action"=>"show", "id"=>"3", "controller"=>"universes"}
{"action"=>"show", "id"=>"3", "controller"=>"universes"}
  [4;35;1mUniverse Load (0.000291)[0m   [0mSELECT * FROM universes WHERE (universes.id = '3') LIMIT 1[0m
  [4;36;1mUniverse Columns (0.021997)[0m   [0;1mSHOW FIELDS FROM universes[0m
Cookie set: login_redirect_to=http%3A%2F%2Foops.pele.cx%3A3000%2Funiverses%2Fshow%2F3; path=/
  [4;35;1mStory Columns (0.001501)[0m   [0mSHOW FIELDS FROM stories[0m
  [4;36;1mStory Load (0.000464)[0m   [0;1mSELECT * FROM stories WHERE (stories.`short_title` = 'oops' ) LIMIT 1[0m
  [4;35;1mUniverse Load (0.000240)[0m   [0mSELECT * FROM universes WHERE (universes.id = '3') LIMIT 1[0m
  [4;36;1mStory Load (0.001398)[0m   [0;1mSELECT stories.id, title, description, sum(chapters.words) as sort, universe_id FROM stories left outer join chapters on chapters.story_id = stories.id WHERE (universe_id = 3) GROUP BY stories.id ORDER BY sort desc [0m
Rendering  within layouts/universes
Rendering universes/show
Rendered universes/_universe (0.00283)
Rendered universes/_story (0.00419)
Rendered universes/_story (0.00306)
Rendered universes/_story (0.00193)
Rendered universes/_story (0.00208)
Rendered universes/_story (0.00227)
Rendered universes/_story (0.00218)
Start rendering component ({:action=>"has_session", :controller=>"php_session"}): 
PhpSessionController: missing default helper path php_session_helper


Processing PhpSessionController#has_session (for 10.0.0.27 at 2006-04-30 19:14:48) [GET]
  Session ID: 06822cfd2436c58434b1f9416c047fff
  Parameters: {"action"=>"has_session", "id"=>nil, "controller"=>"php_session"}
Cookie set: login_redirect_to=http%3A%2F%2Foops.pele.cx%3A3000%2Funiverses%2Fshow%2F3; path=/
  [4;35;1mStory Load (0.000514)[0m   [0mSELECT * FROM stories WHERE (stories.`short_title` = 'oops' ) LIMIT 1[0m
Rendering php_session/has_session
Rendered php_session/_login (0.00013)
Completed in 0.00463 (215 reqs/sec) | Rendering: 0.00134 (28%) | DB: 0.00051 (11%) | 200 OK [http://oops.pele.cx/universes/show/3]


End of component rendering
Completed in 0.07569 (13 reqs/sec) | Rendering: 0.03608 (47%) | DB: 0.02589 (34%) | 200 OK [http://oops.pele.cx/universes/show/3]


Processing UniversesController#show (for 10.0.0.27 at 2006-04-30 19:16:25) [GET]
  Session ID: 06822cfd2436c58434b1f9416c047fff
  Parameters: {"action"=>"show", "id"=>"3", "controller"=>"universes"}
{"action"=>"show", "id"=>"3", "controller"=>"universes"}
  [4;36;1mUniverse Load (0.000222)[0m   [0;1mSELECT * FROM universes WHERE (universes.id = '3') LIMIT 1[0m
  [4;35;1mUniverse Columns (0.002034)[0m   [0mSHOW FIELDS FROM universes[0m
Cookie set: login_redirect_to=http%3A%2F%2Foops.pele.cx%3A3000%2Funiverses%2Fshow%2F3; path=/
  [4;36;1mStory Columns (0.002315)[0m   [0;1mSHOW FIELDS FROM stories[0m
  [4;35;1mStory Load (0.000332)[0m   [0mSELECT * FROM stories WHERE (stories.`short_title` = 'oops' ) LIMIT 1[0m
  [4;36;1mUniverse Load (0.000239)[0m   [0;1mSELECT * FROM universes WHERE (universes.id = '3') LIMIT 1[0m
  [4;35;1mStory Load (0.000237)[0m   [0mSELECT stories.id, title, description, sum(chapters.words) as sort, universe_id FROM stories left outer join chapters on chapters.story_id = stories.id WHERE (universe_id = 3) GROUP BY stories.id ORDER BY sort desc [0m
Rendering  within layouts/universes
Rendering universes/show
Rendered universes/_universe (0.00193)
Rendered universes/_story (0.00341)
Rendered universes/_story (0.00300)
Rendered universes/_story (0.00184)
Rendered universes/_story (0.00210)
Rendered universes/_story (0.00230)
Rendered universes/_story (0.00212)
Start rendering component ({:action=>"has_session", :controller=>"php_session"}): 
PhpSessionController: missing default helper path php_session_helper


Processing PhpSessionController#has_session (for 10.0.0.27 at 2006-04-30 19:16:25) [GET]
  Session ID: 06822cfd2436c58434b1f9416c047fff
  Parameters: {"action"=>"has_session", "id"=>nil, "controller"=>"php_session"}
Cookie set: login_redirect_to=http%3A%2F%2Foops.pele.cx%3A3000%2Funiverses%2Fshow%2F3; path=/
  [4;36;1mStory Load (0.000237)[0m   [0;1mSELECT * FROM stories WHERE (stories.`short_title` = 'oops' ) LIMIT 1[0m
Rendering php_session/has_session
Rendered php_session/_login (0.00014)
Completed in 0.00425 (235 reqs/sec) | Rendering: 0.00132 (31%) | DB: 0.00024 (5%) | 200 OK [http://oops.pele.cx/universes/show/3]


End of component rendering
Completed in 0.05099 (19 reqs/sec) | Rendering: 0.03163 (62%) | DB: 0.00538 (10%) | 200 OK [http://oops.pele.cx/universes/show/3]


Processing UniversesController#list (for 10.0.0.27 at 2006-04-30 19:16:33) [GET]
  Session ID: 06822cfd2436c58434b1f9416c047fff
  Parameters: {"action"=>"list", "controller"=>"universes"}
{"action"=>"list", "controller"=>"universes"}


ActiveRecord::RecordNotFound (Couldn't find Universe without an ID):
    /usr/lib/ruby/gems/1.8/gems/activerecord-1.14.2/lib/active_record/base.rb:939:in `find_from_ids'
    /usr/lib/ruby/gems/1.8/gems/activerecord-1.14.2/lib/active_record/base.rb:382:in `find'
    /app/controllers/universes_controller.rb:57:in `setup_page_vars'
    /usr/lib/ruby/gems/1.8/gems/actionpack-1.12.1/lib/action_controller/filters.rb:399:in `call_filters'
    /usr/lib/ruby/gems/1.8/gems/actionpack-1.12.1/lib/action_controller/filters.rb:394:in `call_filters'
    /usr/lib/ruby/gems/1.8/gems/actionpack-1.12.1/lib/action_controller/filters.rb:383:in `before_action'
    /usr/lib/ruby/gems/1.8/gems/actionpack-1.12.1/lib/action_controller/filters.rb:365:in `perform_action_without_benchmark'
    /usr/lib/ruby/gems/1.8/gems/actionpack-1.12.1/lib/action_controller/benchmarking.rb:69:in `perform_action_without_rescue'
    /usr/lib/ruby/1.8/benchmark.rb:293:in `measure'
    /usr/lib/ruby/gems/1.8/gems/actionpack-1.12.1/lib/action_controller/benchmarking.rb:69:in `perform_action_without_rescue'
    /usr/lib/ruby/gems/1.8/gems/actionpack-1.12.1/lib/action_controller/rescue.rb:82:in `perform_action'
    /usr/lib/ruby/gems/1.8/gems/actionpack-1.12.1/lib/action_controller/base.rb:381:in `process_without_filters'
    /usr/lib/ruby/gems/1.8/gems/actionpack-1.12.1/lib/action_controller/filters.rb:377:in `process_without_session_management_support'
    /usr/lib/ruby/gems/1.8/gems/actionpack-1.12.1/lib/action_controller/session_management.rb:117:in `process'
    /usr/lib/ruby/gems/1.8/gems/rails-1.1.2/lib/dispatcher.rb:38:in `dispatch'
    /usr/lib/ruby/gems/1.8/gems/rails-1.1.2/lib/webrick_server.rb:115:in `handle_dispatch'
    /usr/lib/ruby/gems/1.8/gems/rails-1.1.2/lib/webrick_server.rb:81:in `service'
    /usr/lib/ruby/1.8/webrick/httpserver.rb:104:in `service'
    /usr/lib/ruby/1.8/webrick/httpserver.rb:65:in `run'
    /usr/lib/ruby/1.8/webrick/server.rb:173:in `start_thread'
    /usr/lib/ruby/1.8/webrick/server.rb:162:in `start_thread'
    /usr/lib/ruby/1.8/webrick/server.rb:95:in `start'
    /usr/lib/ruby/1.8/webrick/server.rb:92:in `start'
    /usr/lib/ruby/1.8/webrick/server.rb:23:in `start'
    /usr/lib/ruby/1.8/webrick/server.rb:82:in `start'
    /usr/lib/ruby/gems/1.8/gems/rails-1.1.2/lib/webrick_server.rb:67:in `dispatch'
    /usr/lib/ruby/gems/1.8/gems/rails-1.1.2/lib/commands/servers/webrick.rb:59
    /usr/local/lib/site_ruby/1.8/rubygems/custom_require.rb:21:in `require'
    /usr/lib/ruby/gems/1.8/gems/activesupport-1.3.1/lib/active_support/dependencies.rb:147:in `require'
    /usr/lib/ruby/gems/1.8/gems/rails-1.1.2/lib/commands/server.rb:30
    /usr/local/lib/site_ruby/1.8/rubygems/custom_require.rb:21:in `require'
    /usr/lib/ruby/gems/1.8/gems/activesupport-1.3.1/lib/active_support/dependencies.rb:147:in `require'
    ./script/server:3


Rendering /usr/lib/ruby/gems/1.8/gems/actionpack-1.12.1/lib/action_controller/templates/rescues/layout.rhtml (500 Internal Error)


Processing UniversesController#list (for 10.0.0.27 at 2006-04-30 19:18:08) [GET]
  Session ID: 06822cfd2436c58434b1f9416c047fff
  Parameters: {"action"=>"list", "controller"=>"universes"}
{"action"=>"list", "controller"=>"universes"}
Cookie set: login_redirect_to=http%3A%2F%2Foops.pele.cx%3A3000%2Funiverses%2Flist; path=/
  [4;35;1mStory Columns (0.001640)[0m   [0mSHOW FIELDS FROM stories[0m
  [4;36;1mStory Load (0.000228)[0m   [0;1mSELECT * FROM stories WHERE (stories.`short_title` = 'oops' ) LIMIT 1[0m
  [4;35;1mUniverse Load (0.000248)[0m   [0mSELECT * FROM universes [0m
Rendering  within layouts/universes
Rendering universes/list
  [4;36;1mUniverse Columns (0.001902)[0m   [0;1mSHOW FIELDS FROM universes[0m
  [4;35;1mStory Load (0.001791)[0m   [0mSELECT stories.id, title, description, sum(chapters.words) as sort, universe_id FROM stories left outer join chapters on chapters.story_id = stories.id WHERE (universe_id = 1) GROUP BY stories.id ORDER BY sort desc [0m
Rendered universes/_story (0.00519)
Rendered universes/_story (0.00289)
Rendered universes/_story (0.00235)
Rendered universes/_story (0.00251)
Rendered universes/_story (0.00196)
Rendered universes/_story (0.00229)
Rendered universes/_story (0.00229)
Rendered universes/_story (0.00372)
Rendered universes/_universe_wstories (0.03678)
  [4;36;1mStory Load (0.001488)[0m   [0;1mSELECT stories.id, title, description, sum(chapters.words) as sort, universe_id FROM stories left outer join chapters on chapters.story_id = stories.id WHERE (universe_id = 2) GROUP BY stories.id ORDER BY sort desc [0m
Rendered universes/_story (0.00222)
Rendered universes/_story (0.00179)
Rendered universes/_universe_wstories (0.00866)
  [4;35;1mStory Load (0.000258)[0m   [0mSELECT stories.id, title, description, sum(chapters.words) as sort, universe_id FROM stories left outer join chapters on chapters.story_id = stories.id WHERE (universe_id = 3) GROUP BY stories.id ORDER BY sort desc [0m
Rendered universes/_story (0.00213)
Rendered universes/_story (0.00300)
Rendered universes/_story (0.00179)
Rendered universes/_story (0.00207)
Rendered universes/_story (0.00229)
Rendered universes/_story (0.00216)
Rendered universes/_universe_wstories (0.01928)
Start rendering component ({:action=>"has_session", :controller=>"php_session"}): 
PhpSessionController: missing default helper path php_session_helper


Processing PhpSessionController#has_session (for 10.0.0.27 at 2006-04-30 19:18:08) [GET]
  Session ID: 06822cfd2436c58434b1f9416c047fff
  Parameters: {"action"=>"has_session", "id"=>nil, "controller"=>"php_session"}
Cookie set: login_redirect_to=http%3A%2F%2Foops.pele.cx%3A3000%2Funiverses%2Flist; path=/
  [4;36;1mStory Load (0.000306)[0m   [0;1mSELECT * FROM stories WHERE (stories.`short_title` = 'oops' ) LIMIT 1[0m
Rendering php_session/has_session
Rendered php_session/_login (0.00013)
Completed in 0.00444 (225 reqs/sec) | Rendering: 0.00133 (30%) | DB: 0.00574 (129%) | 200 OK [http://oops.pele.cx/universes/list]


End of component rendering
Completed in 0.08965 (11 reqs/sec) | Rendering: 0.07687 (85%) | DB: 0.00212 (2%) | 200 OK [http://oops.pele.cx/universes/list]


Processing UniversesController#list (for 10.0.0.27 at 2006-04-30 19:18:36) [GET]
  Session ID: 06822cfd2436c58434b1f9416c047fff
  Parameters: {"action"=>"list", "controller"=>"universes"}
{"action"=>"list", "controller"=>"universes"}
Cookie set: login_redirect_to=http%3A%2F%2Foops.pele.cx%3A3000%2Funiverses%2Flist; path=/
  [4;35;1mStory Columns (0.001605)[0m   [0mSHOW FIELDS FROM stories[0m
  [4;36;1mStory Load (0.000229)[0m   [0;1mSELECT * FROM stories WHERE (stories.`short_title` = 'oops' ) LIMIT 1[0m
  [4;35;1mUniverse Load (0.000228)[0m   [0mSELECT * FROM universes [0m
Rendering  within layouts/universes
Rendering universes/list
  [4;36;1mUniverse Columns (0.001293)[0m   [0;1mSHOW FIELDS FROM universes[0m
  [4;35;1mStory Load (0.000258)[0m   [0mSELECT stories.id, title, description, sum(chapters.words) as sort, universe_id FROM stories left outer join chapters on chapters.story_id = stories.id WHERE (universe_id = 1) GROUP BY stories.id ORDER BY sort desc [0m
Rendered universes/_story (0.00512)
Rendered universes/_story (0.00297)
Rendered universes/_story (0.00231)
Rendered universes/_story (0.00236)
Rendered universes/_story (0.00193)
Rendered universes/_story (0.00264)
Rendered universes/_story (0.00230)
Rendered universes/_story (0.00270)
Rendered universes/_universe_wstories (0.03381)
  [4;36;1mStory Load (0.000227)[0m   [0;1mSELECT stories.id, title, description, sum(chapters.words) as sort, universe_id FROM stories left outer join chapters on chapters.story_id = stories.id WHERE (universe_id = 2) GROUP BY stories.id ORDER BY sort desc [0m
Rendered universes/_story (0.00219)
Rendered universes/_story (0.00176)
Rendered universes/_universe_wstories (0.00735)
  [4;35;1mStory Load (0.000243)[0m   [0mSELECT stories.id, title, description, sum(chapters.words) as sort, universe_id FROM stories left outer join chapters on chapters.story_id = stories.id WHERE (universe_id = 3) GROUP BY stories.id ORDER BY sort desc [0m
Rendered universes/_story (0.00218)
Rendered universes/_story (0.00366)
Rendered universes/_story (0.00180)
Rendered universes/_story (0.00204)
Rendered universes/_story (0.00229)
Rendered universes/_story (0.00212)
Rendered universes/_universe_wstories (0.01906)
Start rendering component ({:action=>"has_session", :controller=>"php_session"}): 
PhpSessionController: missing default helper path php_session_helper


Processing PhpSessionController#has_session (for 10.0.0.27 at 2006-04-30 19:18:36) [GET]
  Session ID: 06822cfd2436c58434b1f9416c047fff
  Parameters: {"action"=>"has_session", "id"=>nil, "controller"=>"php_session"}
Cookie set: login_redirect_to=http%3A%2F%2Foops.pele.cx%3A3000%2Funiverses%2Flist; path=/
  [4;36;1mStory Load (0.000236)[0m   [0;1mSELECT * FROM stories WHERE (stories.`short_title` = 'oops' ) LIMIT 1[0m
Rendering php_session/has_session
Rendered php_session/_login (0.00013)
Completed in 0.00432 (231 reqs/sec) | Rendering: 0.00134 (31%) | DB: 0.00226 (52%) | 200 OK [http://oops.pele.cx/universes/list]


End of component rendering
Completed in 0.08456 (11 reqs/sec) | Rendering: 0.07196 (85%) | DB: 0.00206 (2%) | 200 OK [http://oops.pele.cx/universes/list]
